<?xml version="1.0" encoding="UTF-8"?>
<coverage generated="1750593741853" clover="3.2.0">
  <project timestamp="1750593741853" name="All files">
    <metrics statements="15" coveredstatements="14" conditionals="8" coveredconditionals="6" methods="3" coveredmethods="3" elements="26" coveredelements="23" complexity="0" loc="15" ncloc="15" packages="1" files="1" classes="1"/>
    <file name="utils.ts" path="/Users/mykola/projects/chrome-ext-cp-img-on-hover/utils.ts">
      <metrics statements="15" coveredstatements="14" conditionals="8" coveredconditionals="6" methods="3" coveredmethods="3"/>
      <line num="7" count="1" type="stmt"/>
      <line num="8" count="4" type="cond" truecount="1" falsecount="0"/>
      <line num="9" count="1" type="stmt"/>
      <line num="11" count="3" type="cond" truecount="3" falsecount="1"/>
      <line num="13" count="0" type="stmt"/>
      <line num="15" count="1" type="cond" truecount="1" falsecount="1"/>
      <line num="16" count="1" type="stmt"/>
      <line num="19" count="2" type="stmt"/>
      <line num="20" count="2" type="cond" truecount="1" falsecount="0"/>
      <line num="21" count="1" type="stmt"/>
      <line num="23" count="2" type="stmt"/>
      <line num="27" count="1" type="stmt"/>
      <line num="28" count="1" type="stmt"/>
      <line num="31" count="1" type="stmt"/>
      <line num="32" count="3" type="stmt"/>
    </file>
  </project>
</coverage>
