{"/Users/mykola/projects/chrome-ext-cp-img-on-hover/utils.ts": {"path":"/Users/mykola/projects/chrome-ext-cp-img-on-hover/utils.ts","statementMap":{"0":{"start":{"line":7,"column":0},"end":{"line":7,"column":16}},"1":{"start":{"line":27,"column":0},"end":{"line":27,"column":16}},"2":{"start":{"line":31,"column":0},"end":{"line":31,"column":16}},"3":{"start":{"line":8,"column":2},"end":{"line":10,"column":3}},"4":{"start":{"line":9,"column":4},"end":{"line":9,"column":36}},"5":{"start":{"line":11,"column":2},"end":{"line":24,"column":3}},"6":{"start":{"line":13,"column":6},"end":{"line":13,"column":38}},"7":{"start":{"line":15,"column":22},"end":{"line":15,"column":40}},"8":{"start":{"line":16,"column":6},"end":{"line":16,"column":41}},"9":{"start":{"line":19,"column":16},"end":{"line":19,"column":29}},"10":{"start":{"line":20,"column":6},"end":{"line":22,"column":7}},"11":{"start":{"line":21,"column":8},"end":{"line":21,"column":79}},"12":{"start":{"line":23,"column":6},"end":{"line":23,"column":17}},"13":{"start":{"line":28,"column":2},"end":{"line":28,"column":39}},"14":{"start":{"line":32,"column":2},"end":{"line":32,"column":30}}},"fnMap":{"0":{"name":"getFormattedImageTag","decl":{"start":{"line":7,"column":16},"end":{"line":7,"column":36}},"loc":{"start":{"line":7,"column":81},"end":{"line":25,"column":1}}},"1":{"name":"mergeSettings","decl":{"start":{"line":27,"column":16},"end":{"line":27,"column":29}},"loc":{"start":{"line":27,"column":84},"end":{"line":29,"column":1}}},"2":{"name":"shouldShowTagOptions","decl":{"start":{"line":31,"column":16},"end":{"line":31,"column":36}},"loc":{"start":{"line":31,"column":53},"end":{"line":33,"column":1}}}},"branchMap":{"0":{"loc":{"start":{"line":8,"column":2},"end":{"line":10,"column":3}},"type":"if","locations":[{"start":{"line":8,"column":2},"end":{"line":10,"column":3}}]},"1":{"loc":{"start":{"line":11,"column":2},"end":{"line":24,"column":3}},"type":"switch","locations":[{"start":{"line":12,"column":4},"end":{"line":13,"column":38}},{"start":{"line":14,"column":4},"end":{"line":16,"column":41}},{"start":{"line":17,"column":4},"end":{"line":17,"column":16}},{"start":{"line":18,"column":4},"end":{"line":23,"column":17}}]},"2":{"loc":{"start":{"line":15,"column":22},"end":{"line":15,"column":40}},"type":"binary-expr","locations":[{"start":{"line":15,"column":22},"end":{"line":15,"column":29}},{"start":{"line":15,"column":33},"end":{"line":15,"column":40}}]},"3":{"loc":{"start":{"line":20,"column":6},"end":{"line":22,"column":7}},"type":"if","locations":[{"start":{"line":20,"column":6},"end":{"line":22,"column":7}}]}},"s":{"0":1,"1":1,"2":1,"3":4,"4":1,"5":3,"6":0,"7":1,"8":1,"9":2,"10":2,"11":1,"12":2,"13":1,"14":3},"f":{"0":4,"1":1,"2":3},"b":{"0":[1],"1":[0,1,2,2],"2":[1,0],"3":[1]}}
}
